-------------------------------------------------------------------------------
Test set: login.TestLogin
-------------------------------------------------------------------------------
Tests run: 11, Failures: 1, Errors: 0, Skipped: 10, Time elapsed: 0.942 s <<< FAILURE! - in login.TestLogin
init(login.TestLogin)  Time elapsed: 0.849 s  <<< FAILURE!
org.testng.TestNGException: 

Parameter 'browserName' is required by @Configuration on method init but has not been marked @Optional or defined


