<?xml version="1.0" encoding="UTF-8"?>
<!-- Generated by org.testng.reporters.JUnitXMLReporter -->
<testsuite hostname="DESKTOP-328P50G" name="Surefire test" tests="2" failures="0" timestamp="16 Mar 2022 22:25:27 GMT" time="0.02" errors="0">
  <testcase name="@BeforeMethod init" time="0.0" classname="login.TestLogin">
    <failure type="org.testng.TestNGException" message="
Parameter &amp;apos;browserName&amp;apos; is required by @Configuration on method init but has not been marked @Optional or defined
">
      <![CDATA[org.testng.TestNGException: 
Parameter 'browserName' is required by @Configuration on method init but has not been marked @Optional or defined

... Removed 28 stack frames]]>
    </failure>
  </testcase> <!-- @BeforeMethod init -->
  <testcase name="@BeforeMethod startExtent" time="0.0" classname="login.TestLogin">
    <skipped/>
  </testcase> <!-- @BeforeMethod startExtent -->
  <testcase name="@AfterMethod afterEachTestMethod" time="0.0" classname="login.TestLogin">
    <skipped/>
  </testcase> <!-- @AfterMethod afterEachTestMethod -->
  <testcase name="@AfterMethod tearDown" time="0.0" classname="login.TestLogin">
    <skipped/>
  </testcase> <!-- @AfterMethod tearDown -->
  <testcase name="@BeforeMethod init" time="0.0" classname="login.TestLogin">
    <skipped/>
  </testcase> <!-- @BeforeMethod init -->
  <testcase name="@BeforeMethod startExtent" time="0.0" classname="login.TestLogin">
    <skipped/>
  </testcase> <!-- @BeforeMethod startExtent -->
  <testcase name="@AfterMethod afterEachTestMethod" time="0.0" classname="login.TestLogin">
    <skipped/>
  </testcase> <!-- @AfterMethod afterEachTestMethod -->
  <testcase name="@AfterMethod tearDown" time="0.0" classname="login.TestLogin">
    <skipped/>
  </testcase> <!-- @AfterMethod tearDown -->
  <testcase name="testLogin" time="0.001" classname="login.TestLogin">
    <skipped/>
  </testcase> <!-- testLogin -->
  <testcase name="testLoginWithInvalidCredentials" time="0.0" classname="login.TestLogin">
    <skipped/>
  </testcase> <!-- testLoginWithInvalidCredentials -->
</testsuite> <!-- Surefire test -->
